<?xml version="1.0" encoding="UTF-8"?>
<testng-results ignored="0" total="1" passed="1" failed="0" skipped="0">
  <reporter-output>
  </reporter-output>
  <suite started-at="2024-10-18T21:49:23 IST" name="Default suite" finished-at="2024-10-18T21:49:54 IST" duration-ms="30692">
    <groups>
    </groups>
    <test started-at="2024-10-18T21:49:23 IST" name="Default test" finished-at="2024-10-18T21:49:54 IST" duration-ms="30692">
      <class name="week2.day2.S6_48_Attach_document_to_the_newly_created_campaign">
        <test-method signature="deleteLead()[pri:0, instance:week2.day2.S6_48_Attach_document_to_the_newly_created_campaign@130c12b7]" started-at="2024-10-18T21:49:23 IST" name="deleteLead" finished-at="2024-10-18T21:49:54 IST" duration-ms="30644" status="PASS">
          <reporter-output>
          </reporter-output>
        </test-method> <!-- deleteLead -->
      </class> <!-- week2.day2.S6_48_Attach_document_to_the_newly_created_campaign -->
    </test> <!-- Default test -->
  </suite> <!-- Default suite -->
</testng-results>
